[debug] [2023-11-19T16:19:22.666Z] ----------------------------------------------------------------------
[debug] [2023-11-19T16:19:22.668Z] Command:       C:\Program Files\nodejs\node.exe C:\Users\Punithan\AppData\Roaming\npm\node_modules\firebase-tools\lib\bin\firebase.js init
[debug] [2023-11-19T16:19:22.669Z] CLI Version:   12.9.1
[debug] [2023-11-19T16:19:22.669Z] Platform:      win32
[debug] [2023-11-19T16:19:22.669Z] Node Version:  v18.15.0
[debug] [2023-11-19T16:19:22.670Z] Time:          Sun Nov 19 2023 21:49:22 GMT+0530 (India Standard Time)
[debug] [2023-11-19T16:19:22.670Z] ----------------------------------------------------------------------
[debug] 
[debug] [2023-11-19T16:19:22.675Z] > command requires scopes: ["email","openid","https://www.googleapis.com/auth/cloudplatformprojects.readonly","https://www.googleapis.com/auth/firebase","https://www.googleapis.com/auth/cloud-platform"]
[debug] [2023-11-19T16:19:22.676Z] > authorizing via signed-in user (punithan452@gmail.com)
[info] 
     ######## #### ########  ######## ########     ###     ######  ########
     ##        ##  ##     ## ##       ##     ##  ##   ##  ##       ##
     ######    ##  ########  ######   ########  #########  ######  ######
     ##        ##  ##    ##  ##       ##     ## ##     ##       ## ##
     ##       #### ##     ## ######## ########  ##     ##  ######  ########

You're about to initialize a Firebase project in this directory:

  C:\Users\Punithan\Desktop\Airbnb1

[info] 
=== Project Setup
[info] 
[info] First, let's associate this project directory with a Firebase project.
[info] You can create multiple project aliases by running firebase use --add, 
[info] but for now we'll just set up a default project.
[info] 
[debug] [2023-11-19T16:19:44.120Z] > refreshing access token with scopes: []
[debug] [2023-11-19T16:19:44.122Z] >>> [apiv2][query] POST https://www.googleapis.com/oauth2/v3/token [none]
[debug] [2023-11-19T16:19:44.122Z] >>> [apiv2][body] POST https://www.googleapis.com/oauth2/v3/token [omitted]
[debug] [2023-11-19T16:19:44.320Z] <<< [apiv2][status] POST https://www.googleapis.com/oauth2/v3/token 200
[debug] [2023-11-19T16:19:44.321Z] <<< [apiv2][body] POST https://www.googleapis.com/oauth2/v3/token [omitted]
[debug] [2023-11-19T16:19:44.340Z] >>> [apiv2][query] GET https://firebase.googleapis.com/v1beta1/projects pageSize=100
[debug] [2023-11-19T16:19:45.494Z] <<< [apiv2][status] GET https://firebase.googleapis.com/v1beta1/projects 200
[debug] [2023-11-19T16:19:45.494Z] <<< [apiv2][body] GET https://firebase.googleapis.com/v1beta1/projects [omitted]
[info] i  Using project airbnb-clone-d9f8d (Airbnb-Clone) 
[info] 
=== Hosting Setup
[debug] [2023-11-19T16:21:14.142Z] >>> [apiv2][query] GET https://firebase.googleapis.com/v1beta1/projects/airbnb-clone-d9f8d [none]
[debug] [2023-11-19T16:21:14.589Z] <<< [apiv2][status] GET https://firebase.googleapis.com/v1beta1/projects/airbnb-clone-d9f8d 200
[debug] [2023-11-19T16:21:14.589Z] <<< [apiv2][body] GET https://firebase.googleapis.com/v1beta1/projects/airbnb-clone-d9f8d {"projectId":"airbnb-clone-d9f8d","projectNumber":"333939714095","displayName":"Airbnb-Clone","name":"projects/airbnb-clone-d9f8d","resources":{"hostingSite":"airbnb-clone-d9f8d"},"state":"ACTIVE","etag":"1_74261329-4c27-4e28-95b2-7ce7a835ee32"}
[info] 
[info] Your public directory is the folder (relative to your project directory) that
[info] will contain Hosting assets to be uploaded with firebase deploy. If you
[info] have a build process for your assets, use your build's output directory.
[info] 
